<?xml version="1.0" encoding="UTF-8"?>
<!-- Generated by org.testng.reporters.JUnitReportReporter -->
<testsuite skipped="0" hostname="ECEL18129369" name="qaclickacademy.SeleniumTest" tests="2" failures="0" timestamp="23 Jan 2022 21:21:35 GMT" time="0.000" errors="0">
  <testcase name="BrowserAUtomation" time="0.000" classname="qaclickacademy.SeleniumTest"/>
  <testcase name="elementsUi" time="0.000" classname="qaclickacademy.SeleniumTest"/>
</testsuite> <!-- qaclickacademy.SeleniumTest -->
