<?xml version="1.0" encoding="UTF-8"?>
<!-- Generated by org.testng.reporters.JUnitReportReporter -->
<testsuite skipped="0" hostname="ECEL18129369" name="qaclickacademy.RESTAPITest" tests="2" failures="0" timestamp="23 Jan 2022 21:21:35 GMT" time="0.002" errors="0">
  <testcase name="postJira" time="0.001" classname="qaclickacademy.RESTAPITest"/>
  <testcase name="deleteTwitter" time="0.001" classname="qaclickacademy.RESTAPITest"/>
</testsuite> <!-- qaclickacademy.RESTAPITest -->
